[2m2024-08-17T04:17:28.687330Z[0m [31mERROR[0m [2mglazewm[0m[2m:[0m keybindings[24].commands: unrecognized subcommand
 at line 171 column 15
[2m2024-08-17T04:19:13.637352Z[0m [31mERROR[0m [2mglazewm[0m[2m:[0m keybindings[24].commands: unrecognized subcommand
 at line 171 column 15
[2m2024-08-17T04:21:27.927385Z[0m [31mERROR[0m [2mglazewm[0m[2m:[0m window_rules[1].match[0]: invalid type: string "window_title", expected struct WindowMatchConfig at line 76 column 9
[2m2024-08-17T04:50:12.632643Z[0m [31mERROR[0m [2mglazewm[0m[2m:[0m Another instance of the application is already running.
[2m2024-09-06T16:52:57.410257Z[0m [31mERROR[0m [2mglazewm[0m[2m:[0m general: invalid type: string "startup_commands", expected struct GeneralConfig at line 1 column 10
[2m2024-09-06T16:53:04.373646Z[0m [31mERROR[0m [2mglazewm[0m[2m:[0m general: invalid type: string "startup_commands", expected struct GeneralConfig at line 1 column 10
[2m2024-09-06T16:53:16.980662Z[0m [31mERROR[0m [2mglazewm[0m[2m:[0m general: invalid type: string "startup_commands", expected struct GeneralConfig at line 1 column 10
[2m2024-09-19T15:10:47.663842Z[0m [31mERROR[0m [2mglazewm[0m[2m:[0m Access is denied. (0x80070005)
[2m2024-09-19T15:10:54.746989Z[0m [31mERROR[0m [2mglazewm[0m[2m:[0m Access is denied. (0x80070005)
[2m2024-10-30T15:27:03.779566Z[0m [31mERROR[0m [2mglazewm[0m[2m:[0m Another instance of the application is already running.
[2m2024-11-18T11:14:06.009865Z[0m [31mERROR[0m [2mglazewm::common::commands::shell_exec[0m[2m:[0m [3merr_message[0m[2m=[0m"Failed to execute '\"C:\\Users\\sinin\\projects\\startup-popup\\startupPopup.exe\" -l \"C:\\Users\\sinin\\projects\\startup-popup\\startup.txt\"'.\n\nError: The operation was canceled by the user. (0x800704C7)"
[2m2024-11-22T09:48:58.755720Z[0m [31mERROR[0m [2mglazewm[0m[2m:[0m Another instance of the application is already running.
[2m2024-11-26T11:07:47.440046Z[0m [31mERROR[0m [2mglazewm::common::commands::shell_exec[0m[2m:[0m [3merr_message[0m[2m=[0m"Failed to execute 'C:/Users/sinin/scoop/apps/wezterm/current/wezterm-gui.exe'.\n\nError: Program path is not valid for command 'C:/Users/sinin/scoop/apps/wezterm/current/wezterm-gui.exe'."
[2m2024-11-26T11:07:49.642643Z[0m [31mERROR[0m [2mglazewm::common::commands::shell_exec[0m[2m:[0m [3merr_message[0m[2m=[0m"Failed to execute 'C:/Users/sinin/scoop/apps/wezterm/current/wezterm-gui.exe'.\n\nError: Program path is not valid for command 'C:/Users/sinin/scoop/apps/wezterm/current/wezterm-gui.exe'."
[2m2024-11-26T11:09:11.896154Z[0m [31mERROR[0m [2mglazewm::common::commands::shell_exec[0m[2m:[0m [3merr_message[0m[2m=[0m"Failed to execute '\"C:/Program Files/WezTerm/wezterm-gui.exe\"'.\n\nError: Command doesn't have an ending `\"`: '\"C:/Program Files/WezTerm/wezterm-gui.exe\"'."
[2m2024-11-26T11:09:40.424299Z[0m [31mERROR[0m [2mglazewm::common::commands::shell_exec[0m[2m:[0m [3merr_message[0m[2m=[0m"Failed to execute '\"C:\\Program Files\\WezTerm\\wezterm-gui.exe\"'.\n\nError: Command doesn't have an ending `\"`: '\"C:\\Program Files\\WezTerm\\wezterm-gui.exe\"'."
[2m2024-11-26T11:10:06.012823Z[0m [31mERROR[0m [2mglazewm::common::commands::shell_exec[0m[2m:[0m [3merr_message[0m[2m=[0m"Failed to execute '\"C:\\Program Files\\WezTerm\\wezterm-gui.exe\"'.\n\nError: Command doesn't have an ending `\"`: '\"C:\\Program Files\\WezTerm\\wezterm-gui.exe\"'."
[2m2024-11-26T11:10:13.712435Z[0m [31mERROR[0m [2mglazewm::common::commands::shell_exec[0m[2m:[0m [3merr_message[0m[2m=[0m"Failed to execute '\"C:\\Program Files\\WezTerm\\wezterm-gui.exe\"'.\n\nError: Command doesn't have an ending `\"`: '\"C:\\Program Files\\WezTerm\\wezterm-gui.exe\"'."
[2m2024-11-26T11:10:35.317237Z[0m [31mERROR[0m [2mglazewm::common::commands::shell_exec[0m[2m:[0m [3merr_message[0m[2m=[0m"Failed to execute '\"C:\\Program Files\\WezTerm\\wezterm-gui.exe\"'.\n\nError: Command doesn't have an ending `\"`: '\"C:\\Program Files\\WezTerm\\wezterm-gui.exe\"'."
[2m2024-11-26T11:10:39.100855Z[0m [31mERROR[0m [2mglazewm::common::commands::shell_exec[0m[2m:[0m [3merr_message[0m[2m=[0m"Failed to execute '\"C:\\Program Files\\WezTerm\\wezterm-gui.exe\"'.\n\nError: Command doesn't have an ending `\"`: '\"C:\\Program Files\\WezTerm\\wezterm-gui.exe\"'."
[2m2024-11-26T11:11:46.026284Z[0m [31mERROR[0m [2mglazewm::common::commands::shell_exec[0m[2m:[0m [3merr_message[0m[2m=[0m"Failed to execute '\"C:\\Program Files\\WezTerm\\wezterm-gui.exe\"'.\n\nError: Command doesn't have an ending `\"`: '\"C:\\Program Files\\WezTerm\\wezterm-gui.exe\"'."
[2m2024-11-26T11:12:23.708222Z[0m [31mERROR[0m [2mglazewm::common::commands::shell_exec[0m[2m:[0m [3merr_message[0m[2m=[0m"Failed to execute 'C:\\ProgramFiles\\WezTerm\\wezterm-gui.exe'.\n\nError: Program path is not valid for command 'C:\\ProgramFiles\\WezTerm\\wezterm-gui.exe'."
